--------------------------------------------------------------------------------
Release 14.7 Trace  (lin64)
Copyright (c) 1995-2013 Xilinx, Inc.  All rights reserved.

/proj/cad/xilinx_14.7/14.7/ISE_DS/ISE/bin/lin64/unwrapped/trce -intstyle ise -v
3 -s 2 -n 3 -fastpaths -xml machine.twx machine.ncd -o machine.twr machine.pcf
-ucf Nexys3_master.ucf

Design file:              machine.ncd
Physical constraint file: machine.pcf
Device,package,speed:     xc6slx16,csg324,C,-2 (PRODUCTION 1.23 2013-10-13)
Report level:             verbose report

Environment Variable      Effect 
--------------------      ------ 
NONE                      No environment variables were set
--------------------------------------------------------------------------------

INFO:Timing:2698 - No timing constraints found, doing default enumeration.
INFO:Timing:3412 - To improve timing, see the Timing Closure User Guide (UG612).
INFO:Timing:2752 - To get complete path coverage, use the unconstrained paths 
   option. All paths that are not constrained will be reported in the 
   unconstrained paths section(s) of the report.
INFO:Timing:3339 - The clock-to-out numbers in this timing report are based on 
   a 50 Ohm transmission line loading model.  For the details of this model, 
   and for more information on accounting for different loading conditions, 
   please see the device datasheet.



Data Sheet report:
-----------------
All values displayed in nanoseconds (ns)

Clock clk to Pad
------------+-----------------+------------+-----------------+------------+------------------+--------+
            |Max (slowest) clk|  Process   |Min (fastest) clk|  Process   |                  | Clock  |
Destination |  (edge) to PAD  |   Corner   |  (edge) to PAD  |   Corner   |Internal Clock(s) | Phase  |
------------+-----------------+------------+-----------------+------------+------------------+--------+
an<0>       |         9.745(R)|      SLOW  |         4.466(R)|      FAST  |clk_BUFGP         |   0.000|
an<1>       |         9.854(R)|      SLOW  |         4.510(R)|      FAST  |clk_BUFGP         |   0.000|
an<2>       |         9.940(R)|      SLOW  |         4.526(R)|      FAST  |clk_BUFGP         |   0.000|
an<3>       |         9.816(R)|      SLOW  |         4.490(R)|      FAST  |clk_BUFGP         |   0.000|
out<0>      |         9.789(R)|      SLOW  |         4.490(R)|      FAST  |clk_BUFGP         |   0.000|
out<1>      |         9.554(R)|      SLOW  |         4.356(R)|      FAST  |clk_BUFGP         |   0.000|
out<2>      |         9.899(R)|      SLOW  |         4.530(R)|      FAST  |clk_BUFGP         |   0.000|
out<3>      |         9.718(R)|      SLOW  |         4.435(R)|      FAST  |clk_BUFGP         |   0.000|
out<4>      |         9.794(R)|      SLOW  |         4.469(R)|      FAST  |clk_BUFGP         |   0.000|
out<5>      |         9.761(R)|      SLOW  |         4.462(R)|      FAST  |clk_BUFGP         |   0.000|
out<6>      |         9.760(R)|      SLOW  |         4.472(R)|      FAST  |clk_BUFGP         |   0.000|
out<7>      |         9.773(R)|      SLOW  |         4.468(R)|      FAST  |clk_BUFGP         |   0.000|
------------+-----------------+------------+-----------------+------------+------------------+--------+

Clock to Setup on destination clock clk
---------------+---------+---------+---------+---------+
               | Src:Rise| Src:Fall| Src:Rise| Src:Fall|
Source Clock   |Dest:Rise|Dest:Rise|Dest:Fall|Dest:Fall|
---------------+---------+---------+---------+---------+
clk            |   30.502|         |         |         |
---------------+---------+---------+---------+---------+


Analysis completed Wed May  8 04:21:37 2019 
--------------------------------------------------------------------------------

Trace Settings:
-------------------------
Trace Settings 

Peak Memory Usage: 399 MB



